<?xml version="1.0" encoding="UTF-8"?>
<testsuite xmlns:xsi="http://www.w3.org/2001/XMLSchema-instance" xsi:noNamespaceSchemaLocation="https://maven.apache.org/surefire/maven-surefire-plugin/xsd/surefire-test-report.xsd" name="firstTask.ReverseTest" time="0.035" tests="14" errors="0" skipped="0" failures="0">
  <properties>
[...]
</properties>
  <testcase name="stringReverse_shouldReturnReversedWords_whenInputIsSameWordInLowerAndUpperCases" classname="firstTask.ReverseTest" time="0.018"/>
  <testcase name="stringReverse_shouldOutputSeveralSpaces_whenInputIsSeveralSpaces" classname="firstTask.ReverseTest" time="0"/>
  <testcase name="wordReverse_shouldSaveSpaceOnItsStartingPlace_whenInputWordContainsTrailingSpace" classname="firstTask.ReverseTest" time="0.001"/>
  <testcase name="stringReverse_shouldDoNothing_whenEmptyString" classname="firstTask.ReverseTest" time="0"/>
  <testcase name="wordReverse_shouldReturnWordWithReversedOnlyLetters_whenInputWordContainsLettersAndSymbols" classname="firstTask.ReverseTest" time="0"/>
  <testcase name="wordReverse_shouldSaveSpaceOnItsStartingPlace_whenInputWordContainsLeadingSpace" classname="firstTask.ReverseTest" time="0"/>
  <testcase name="stringReverse_shouldReturnReversedStringAndKeepSpaces_whenStringContainsStartingAndTrailingSpaces" classname="firstTask.ReverseTest" time="0"/>
  <testcase name="stringReverse_shouldReturnReversedSeveralDifferentWords_whenInputIsSeveralDifferentWords" classname="firstTask.ReverseTest" time="0.001"/>
  <testcase name="stringReverse_shouldReturnReversedStringOfSameWord_whenInputIsStringOfSameWord" classname="firstTask.ReverseTest" time="0.001"/>
  <testcase name="stringReverse_shouldReturnNull_whenInputIsNull" classname="firstTask.ReverseTest" time="0.001"/>
  <testcase name="wordReverse_shouldReturnSingleCharacter_whenInputIsSingleCharacter" classname="firstTask.ReverseTest" time="0.001"/>
  <testcase name="wordReverse_shouldReturnReversedWord_whenWordContainsDifferentLetters" classname="firstTask.ReverseTest" time="0"/>
  <testcase name="wordReverse_shouldNotChangeWord_whenWordsContainsOnlySymbols" classname="firstTask.ReverseTest" time="0"/>
  <testcase name="stringReverse_shouldOutputSingleSpace_whenInputIsSingleSpace" classname="firstTask.ReverseTest" time="0"/>
</testsuite>